Collecting Django==4.2.11 (from -r requirements.txt (line 1))
  Using cached Django-4.2.11-py3-none-any.whl.metadata (4.2 kB)
Collecting djangorestframework==3.14.0 (from -r requirements.txt (line 2))
  Using cached djangorestframework-3.14.0-py3-none-any.whl.metadata (10 kB)
Collecting djangorestframework-simplejwt==5.5.1 (from -r requirements.txt (line 3))
  Using cached djangorestframework_simplejwt-5.5.1-py3-none-any.whl.metadata (4.6 kB)
Collecting django-cors-headers==4.3.1 (from -r requirements.txt (line 4))
  Using cached django_cors_headers-4.3.1-py3-none-any.whl.metadata (16 kB)
Collecting django-filter==24.1 (from -r requirements.txt (line 5))
  Using cached django_filter-24.1-py3-none-any.whl.metadata (5.1 kB)
Collecting psycopg2-binary==2.9.9 (from -r requirements.txt (line 6))
  Using cached psycopg2-binary-2.9.9.tar.gz (384 kB)
  Installing build dependencies: started
  Installing build dependencies: finished with status 'done'
  Getting requirements to build wheel: started
  Getting requirements to build wheel: finished with status 'error'
pip :   error: subproce
ss-exited-with-error
At line:1 char:28
+ ... \Activate.ps1; 
pip install -r 
requirements.txt > 
pip_install.log 2>&1
+                    ~~
~~~~~~~~~~~~~~~~~~~~~~~
~~~~~~~~~~~~~~~~~~~~~~~
~~~~~~
    + CategoryInfo     
         : NotSpecifi  
  ed: (  error: subp   
 rocess-exited-with    
-error:String) [],     
RemoteException
    + FullyQualifiedEr 
   rorId : NativeComm  
  andError
 
  
  Getting requirements 
to build wheel did not 
run successfully.
  exit code: 1
  
  [34 lines of output]
  C:\Users\Haroon Trade
rs\AppData\Local\Temp\p
ip-build-env-68qnpshi\o
verlay\Lib\site-package
s\setuptools\dist.py:76
5: SetuptoolsDeprecatio
nWarning: License 
classifiers are 
deprecated.
  !!
  
          *************
***********************
***********************
*********************
          Please 
consider removing the 
following classifiers 
in favor of a SPDX 
license expression:
  
          License :: 
OSI Approved :: GNU 
Library or Lesser 
General Public License 
(LGPL)
  
          See https://p
ackaging.python.org/en/
latest/guides/writing-p
yproject-toml/#license 
for details.
          *************
***********************
***********************
*********************
  
  !!
    self._finalize_lice
nse_expression()
  running egg_info
  writing psycopg2_bina
ry.egg-info\PKG-INFO
  writing 
dependency_links to psy
copg2_binary.egg-info\d
ependency_links.txt
  writing top-level 
names to psycopg2_binar
y.egg-info\top_level.tx
t
  
  Error: pg_config 
executable not found.
  
  pg_config is 
required to build 
psycopg2 from source.  
Please add the 
directory
  containing pg_config 
to the $PATH or 
specify the full 
executable path with 
the
  option:
  
      python setup.py 
build_ext --pg-config 
/path/to/pg_config 
build ...
  
  or with the 
pg_config option in 
'setup.cfg'.
  
  If you prefer to 
avoid building 
psycopg2 from source, 
please install the PyPI
  'psycopg2-binary' 
package instead.
  
  For further 
information please 
check the 
'doc/src/install.rst' 
file (also at
  <https://www.psycopg.
org/docs/install.html>)
.
  
  [end of output]
  
  note: This error 
originates from a 
subprocess, and is 
likely not a problem 
with pip.

[notice] A new release 
of pip is available: 
25.2 -> 26.0.1
[notice] To update, 
run: python.exe -m pip 
install --upgrade pip
error: subprocess-exite
d-with-error

Getting requirements 
to build wheel did not 
run successfully.
exit code: 1

See above for output.

note: This error 
originates from a 
subprocess, and is 
likely not a problem 
with pip.
